Traceback (most recent call last):
  File "/usr/lib/python2.7/site.py", line 539, in <module>
    main()
  File "/usr/lib/python2.7/site.py", line 521, in main
    known_paths = addusersitepackages(known_paths)
  File "/usr/lib/python2.7/site.py", line 266, in addusersitepackages
    user_site = getusersitepackages()
  File "/usr/lib/python2.7/site.py", line 241, in getusersitepackages
    user_base = getuserbase() # this will also set USER_BASE
  File "/usr/lib/python2.7/site.py", line 231, in getuserbase
    USER_BASE = get_config_var('userbase')
  File "/usr/lib/python2.7/sysconfig.py", line 525, in get_config_var
    return get_config_vars().get(name)
  File "/usr/lib/python2.7/sysconfig.py", line 458, in get_config_vars
    import re
  File "/usr/lib/python2.7/re.py", line 105, in <module>
    import sre_compile
  File "/usr/lib/python2.7/sre_compile.py", line 15, in <module>
    import sre_parse
  File "/usr/lib/python2.7/sre_parse.py", line 17, in <module>
    from sre_constants import *
  File "/usr/lib/python2.7/sre_constants.py", line 12, in <module>
    """Internal support module for sre"""
KeyboardInterrupt
